\BOOKMARK [1][-]{section.1}{Ejercicio 1}{}% 1
\BOOKMARK [2][-]{subsection.1.1}{Tipos}{section.1}% 2
\BOOKMARK [2][-]{subsection.1.2}{Predicados}{section.1}% 3
\BOOKMARK [2][-]{subsection.1.3}{Acciones}{section.1}% 4
\BOOKMARK [3][-]{subsubsection.1.3.1}{Giro a derecha}{subsection.1.3}% 5
\BOOKMARK [3][-]{subsubsection.1.3.2}{Giro a izquierda}{subsection.1.3}% 6
\BOOKMARK [3][-]{subsubsection.1.3.3}{Ir a una zona}{subsection.1.3}% 7
\BOOKMARK [3][-]{subsubsection.1.3.4}{Coger objeto}{subsection.1.3}% 8
\BOOKMARK [3][-]{subsubsection.1.3.5}{Dejar objeto}{subsection.1.3}% 9
\BOOKMARK [2][-]{subsection.1.4}{Dar objeto}{section.1}% 10
\BOOKMARK [2][-]{subsection.1.5}{Explicaci\363n de las decisiones}{section.1}% 11
\BOOKMARK [2][-]{subsection.1.6}{Problema}{section.1}% 12
\BOOKMARK [1][-]{section.2}{Ejercicio 2}{}% 13
\BOOKMARK [2][-]{subsection.2.1}{Tipos}{section.2}% 14
\BOOKMARK [2][-]{subsection.2.2}{Predicados}{section.2}% 15
\BOOKMARK [2][-]{subsection.2.3}{Funciones}{section.2}% 16
\BOOKMARK [2][-]{subsection.2.4}{Accioens}{section.2}% 17
\BOOKMARK [3][-]{subsubsection.2.4.1}{Ir a una zona}{subsection.2.4}% 18
\BOOKMARK [2][-]{subsection.2.5}{Problema}{section.2}% 19
\BOOKMARK [1][-]{section.3}{Ejercicio 3}{}% 20
\BOOKMARK [2][-]{subsection.3.1}{Tipos}{section.3}% 21
\BOOKMARK [3][-]{subsubsection.3.1.1}{Predicados}{subsection.3.1}% 22
\BOOKMARK [3][-]{subsubsection.3.1.2}{Funciones}{subsection.3.1}% 23
\BOOKMARK [3][-]{subsubsection.3.1.3}{Acciones}{subsection.3.1}% 24
\BOOKMARK [2][-]{subsection.3.2}{Ir a una casilla sin tener objeto}{section.3}% 25
\BOOKMARK [2][-]{subsection.3.3}{Ir a una casilla con zapatillas}{section.3}% 26
\BOOKMARK [2][-]{subsection.3.4}{Ir a una casilla con bikni}{section.3}% 27
\BOOKMARK [2][-]{subsection.3.5}{Coger/Dejar objetos}{section.3}% 28
\BOOKMARK [3][-]{subsubsection.3.5.1}{Entregar el objeto}{subsection.3.5}% 29
\BOOKMARK [2][-]{subsection.3.6}{Guardar/Sacar objeto}{section.3}% 30
\BOOKMARK [2][-]{subsection.3.7}{Problema}{section.3}% 31
\BOOKMARK [1][-]{section.4}{Ejercicio 4}{}% 32
\BOOKMARK [2][-]{subsection.4.1}{Tipos}{section.4}% 33
\BOOKMARK [2][-]{subsection.4.2}{Predicados}{section.4}% 34
\BOOKMARK [2][-]{subsection.4.3}{Funciones}{section.4}% 35
\BOOKMARK [2][-]{subsection.4.4}{Acciones}{section.4}% 36
\BOOKMARK [2][-]{subsection.4.5}{Problema}{section.4}% 37
\BOOKMARK [1][-]{section.5}{Ejercicio 5}{}% 38
\BOOKMARK [2][-]{subsection.5.1}{Funcioness}{section.5}% 39
\BOOKMARK [2][-]{subsection.5.2}{Acciones}{section.5}% 40
\BOOKMARK [3][-]{subsubsection.5.2.1}{Dar objeto}{subsection.5.2}% 41
\BOOKMARK [2][-]{subsection.5.3}{Problema}{section.5}% 42
\BOOKMARK [1][-]{section.6}{Ejercicio 6}{}% 43
\BOOKMARK [2][-]{subsection.6.1}{Funciones}{section.6}% 44
\BOOKMARK [2][-]{subsection.6.2}{Acciones}{section.6}% 45
\BOOKMARK [2][-]{subsection.6.3}{Dar objeto}{section.6}% 46
\BOOKMARK [2][-]{subsection.6.4}{Problema}{section.6}% 47
